2016-08-13 14:11:46  [ main:24 ] - [ ERROR ]  Failed to locate the winutils binary in the hadoop binary path
  java.io.IOException: Could not locate executable null\bin\winutils.exe in the Hadoop binaries.
	at org.apache.hadoop.util.Shell.getQualifiedBinPath(Shell.java:355)
	at org.apache.hadoop.util.Shell.getWinUtilsPath(Shell.java:370)
	at org.apache.hadoop.util.Shell.<clinit>(Shell.java:363)
	at org.apache.hadoop.util.StringUtils.<clinit>(StringUtils.java:78)
	at org.apache.hadoop.security.Groups.parseStaticMapping(Groups.java:93)
	at org.apache.hadoop.security.Groups.<init>(Groups.java:77)
	at org.apache.hadoop.security.Groups.getUserToGroupsMappingService(Groups.java:240)
	at org.apache.hadoop.security.UserGroupInformation.initialize(UserGroupInformation.java:257)
	at org.apache.hadoop.security.UserGroupInformation.ensureInitialized(UserGroupInformation.java:234)
	at org.apache.hadoop.security.UserGroupInformation.loginUserFromSubject(UserGroupInformation.java:749)
	at org.apache.hadoop.security.UserGroupInformation.getLoginUser(UserGroupInformation.java:734)
	at org.apache.hadoop.security.UserGroupInformation.getCurrentUser(UserGroupInformation.java:607)
	at org.apache.hadoop.hbase.security.User$SecureHadoopUser.<init>(User.java:286)
	at org.apache.hadoop.hbase.security.User$SecureHadoopUser.<init>(User.java:282)
	at org.apache.hadoop.hbase.security.User.getCurrent(User.java:185)
	at org.apache.hadoop.hbase.security.UserProvider.getCurrent(UserProvider.java:88)
	at org.apache.hadoop.hbase.client.HConnectionKey.<init>(HConnectionKey.java:72)
	at org.apache.hadoop.hbase.client.ConnectionManager.getConnectionInternal(ConnectionManager.java:288)
	at org.apache.hadoop.hbase.client.HBaseAdmin.<init>(HBaseAdmin.java:234)
	at datasynctohbase.main.Main.doUpdate(Main.java:43)
	at datasynctohbase.main.Main.main(Main.java:90)
2016-08-13 14:12:01  [ main:14 ] - [ ERROR ]  Failed to locate the winutils binary in the hadoop binary path
  java.io.IOException: Could not locate executable null\bin\winutils.exe in the Hadoop binaries.
	at org.apache.hadoop.util.Shell.getQualifiedBinPath(Shell.java:355)
	at org.apache.hadoop.util.Shell.getWinUtilsPath(Shell.java:370)
	at org.apache.hadoop.util.Shell.<clinit>(Shell.java:363)
	at org.apache.hadoop.util.StringUtils.<clinit>(StringUtils.java:78)
	at org.apache.hadoop.security.Groups.parseStaticMapping(Groups.java:93)
	at org.apache.hadoop.security.Groups.<init>(Groups.java:77)
	at org.apache.hadoop.security.Groups.getUserToGroupsMappingService(Groups.java:240)
	at org.apache.hadoop.security.UserGroupInformation.initialize(UserGroupInformation.java:257)
	at org.apache.hadoop.security.UserGroupInformation.ensureInitialized(UserGroupInformation.java:234)
	at org.apache.hadoop.security.UserGroupInformation.loginUserFromSubject(UserGroupInformation.java:749)
	at org.apache.hadoop.security.UserGroupInformation.getLoginUser(UserGroupInformation.java:734)
	at org.apache.hadoop.security.UserGroupInformation.getCurrentUser(UserGroupInformation.java:607)
	at org.apache.hadoop.hbase.security.User$SecureHadoopUser.<init>(User.java:286)
	at org.apache.hadoop.hbase.security.User$SecureHadoopUser.<init>(User.java:282)
	at org.apache.hadoop.hbase.security.User.getCurrent(User.java:185)
	at org.apache.hadoop.hbase.security.UserProvider.getCurrent(UserProvider.java:88)
	at org.apache.hadoop.hbase.client.HConnectionKey.<init>(HConnectionKey.java:72)
	at org.apache.hadoop.hbase.client.ConnectionManager.getConnectionInternal(ConnectionManager.java:288)
	at org.apache.hadoop.hbase.client.HBaseAdmin.<init>(HBaseAdmin.java:234)
	at datasynctohbase.main.Main.doUpdate(Main.java:43)
	at datasynctohbase.main.Main.main(Main.java:90)
2016-08-13 14:53:34  [ main:15 ] - [ ERROR ]  Failed to locate the winutils binary in the hadoop binary path
  java.io.IOException: Could not locate executable null\bin\winutils.exe in the Hadoop binaries.
	at org.apache.hadoop.util.Shell.getQualifiedBinPath(Shell.java:355)
	at org.apache.hadoop.util.Shell.getWinUtilsPath(Shell.java:370)
	at org.apache.hadoop.util.Shell.<clinit>(Shell.java:363)
	at org.apache.hadoop.util.StringUtils.<clinit>(StringUtils.java:78)
	at org.apache.hadoop.security.Groups.parseStaticMapping(Groups.java:93)
	at org.apache.hadoop.security.Groups.<init>(Groups.java:77)
	at org.apache.hadoop.security.Groups.getUserToGroupsMappingService(Groups.java:240)
	at org.apache.hadoop.security.UserGroupInformation.initialize(UserGroupInformation.java:257)
	at org.apache.hadoop.security.UserGroupInformation.ensureInitialized(UserGroupInformation.java:234)
	at org.apache.hadoop.security.UserGroupInformation.loginUserFromSubject(UserGroupInformation.java:749)
	at org.apache.hadoop.security.UserGroupInformation.getLoginUser(UserGroupInformation.java:734)
	at org.apache.hadoop.security.UserGroupInformation.getCurrentUser(UserGroupInformation.java:607)
	at org.apache.hadoop.hbase.security.User$SecureHadoopUser.<init>(User.java:286)
	at org.apache.hadoop.hbase.security.User$SecureHadoopUser.<init>(User.java:282)
	at org.apache.hadoop.hbase.security.User.getCurrent(User.java:185)
	at org.apache.hadoop.hbase.security.UserProvider.getCurrent(UserProvider.java:88)
	at org.apache.hadoop.hbase.client.HConnectionKey.<init>(HConnectionKey.java:72)
	at org.apache.hadoop.hbase.client.ConnectionManager.getConnectionInternal(ConnectionManager.java:288)
	at org.apache.hadoop.hbase.client.HBaseAdmin.<init>(HBaseAdmin.java:234)
	at datasynctohbase.main.Main.doUpdate(Main.java:47)
	at datasynctohbase.main.Main.main(Main.java:94)
2016-08-13 15:01:30  [ main:15 ] - [ ERROR ]  Failed to locate the winutils binary in the hadoop binary path
  java.io.IOException: Could not locate executable null\bin\winutils.exe in the Hadoop binaries.
	at org.apache.hadoop.util.Shell.getQualifiedBinPath(Shell.java:355)
	at org.apache.hadoop.util.Shell.getWinUtilsPath(Shell.java:370)
	at org.apache.hadoop.util.Shell.<clinit>(Shell.java:363)
	at org.apache.hadoop.util.StringUtils.<clinit>(StringUtils.java:78)
	at org.apache.hadoop.security.Groups.parseStaticMapping(Groups.java:93)
	at org.apache.hadoop.security.Groups.<init>(Groups.java:77)
	at org.apache.hadoop.security.Groups.getUserToGroupsMappingService(Groups.java:240)
	at org.apache.hadoop.security.UserGroupInformation.initialize(UserGroupInformation.java:257)
	at org.apache.hadoop.security.UserGroupInformation.ensureInitialized(UserGroupInformation.java:234)
	at org.apache.hadoop.security.UserGroupInformation.loginUserFromSubject(UserGroupInformation.java:749)
	at org.apache.hadoop.security.UserGroupInformation.getLoginUser(UserGroupInformation.java:734)
	at org.apache.hadoop.security.UserGroupInformation.getCurrentUser(UserGroupInformation.java:607)
	at org.apache.hadoop.hbase.security.User$SecureHadoopUser.<init>(User.java:286)
	at org.apache.hadoop.hbase.security.User$SecureHadoopUser.<init>(User.java:282)
	at org.apache.hadoop.hbase.security.User.getCurrent(User.java:185)
	at org.apache.hadoop.hbase.security.UserProvider.getCurrent(UserProvider.java:88)
	at org.apache.hadoop.hbase.client.HConnectionKey.<init>(HConnectionKey.java:72)
	at org.apache.hadoop.hbase.client.ConnectionManager.getConnectionInternal(ConnectionManager.java:288)
	at org.apache.hadoop.hbase.client.HBaseAdmin.<init>(HBaseAdmin.java:234)
	at datasynctohbase.main.Main.doUpdate(Main.java:47)
	at datasynctohbase.main.Main.main(Main.java:94)
2016-08-13 15:03:40  [ main:17 ] - [ ERROR ]  Failed to locate the winutils binary in the hadoop binary path
  java.io.IOException: Could not locate executable null\bin\winutils.exe in the Hadoop binaries.
	at org.apache.hadoop.util.Shell.getQualifiedBinPath(Shell.java:355)
	at org.apache.hadoop.util.Shell.getWinUtilsPath(Shell.java:370)
	at org.apache.hadoop.util.Shell.<clinit>(Shell.java:363)
	at org.apache.hadoop.util.StringUtils.<clinit>(StringUtils.java:78)
	at org.apache.hadoop.security.Groups.parseStaticMapping(Groups.java:93)
	at org.apache.hadoop.security.Groups.<init>(Groups.java:77)
	at org.apache.hadoop.security.Groups.getUserToGroupsMappingService(Groups.java:240)
	at org.apache.hadoop.security.UserGroupInformation.initialize(UserGroupInformation.java:257)
	at org.apache.hadoop.security.UserGroupInformation.ensureInitialized(UserGroupInformation.java:234)
	at org.apache.hadoop.security.UserGroupInformation.loginUserFromSubject(UserGroupInformation.java:749)
	at org.apache.hadoop.security.UserGroupInformation.getLoginUser(UserGroupInformation.java:734)
	at org.apache.hadoop.security.UserGroupInformation.getCurrentUser(UserGroupInformation.java:607)
	at org.apache.hadoop.hbase.security.User$SecureHadoopUser.<init>(User.java:286)
	at org.apache.hadoop.hbase.security.User$SecureHadoopUser.<init>(User.java:282)
	at org.apache.hadoop.hbase.security.User.getCurrent(User.java:185)
	at org.apache.hadoop.hbase.security.UserProvider.getCurrent(UserProvider.java:88)
	at org.apache.hadoop.hbase.client.HConnectionKey.<init>(HConnectionKey.java:72)
	at org.apache.hadoop.hbase.client.ConnectionManager.getConnectionInternal(ConnectionManager.java:288)
	at org.apache.hadoop.hbase.client.HBaseAdmin.<init>(HBaseAdmin.java:234)
	at datasynctohbase.main.Main.doUpdate(Main.java:47)
	at datasynctohbase.main.Main.main(Main.java:94)
2016-08-13 15:10:54  [ main:15 ] - [ ERROR ]  Failed to locate the winutils binary in the hadoop binary path
  java.io.IOException: Could not locate executable null\bin\winutils.exe in the Hadoop binaries.
	at org.apache.hadoop.util.Shell.getQualifiedBinPath(Shell.java:355)
	at org.apache.hadoop.util.Shell.getWinUtilsPath(Shell.java:370)
	at org.apache.hadoop.util.Shell.<clinit>(Shell.java:363)
	at org.apache.hadoop.util.StringUtils.<clinit>(StringUtils.java:78)
	at org.apache.hadoop.security.Groups.parseStaticMapping(Groups.java:93)
	at org.apache.hadoop.security.Groups.<init>(Groups.java:77)
	at org.apache.hadoop.security.Groups.getUserToGroupsMappingService(Groups.java:240)
	at org.apache.hadoop.security.UserGroupInformation.initialize(UserGroupInformation.java:257)
	at org.apache.hadoop.security.UserGroupInformation.ensureInitialized(UserGroupInformation.java:234)
	at org.apache.hadoop.security.UserGroupInformation.loginUserFromSubject(UserGroupInformation.java:749)
	at org.apache.hadoop.security.UserGroupInformation.getLoginUser(UserGroupInformation.java:734)
	at org.apache.hadoop.security.UserGroupInformation.getCurrentUser(UserGroupInformation.java:607)
	at org.apache.hadoop.hbase.security.User$SecureHadoopUser.<init>(User.java:286)
	at org.apache.hadoop.hbase.security.User$SecureHadoopUser.<init>(User.java:282)
	at org.apache.hadoop.hbase.security.User.getCurrent(User.java:185)
	at org.apache.hadoop.hbase.security.UserProvider.getCurrent(UserProvider.java:88)
	at org.apache.hadoop.hbase.client.HConnectionKey.<init>(HConnectionKey.java:72)
	at org.apache.hadoop.hbase.client.ConnectionManager.getConnectionInternal(ConnectionManager.java:288)
	at org.apache.hadoop.hbase.client.HBaseAdmin.<init>(HBaseAdmin.java:234)
	at datasynctohbase.main.Main.doUpdate(Main.java:44)
	at datasynctohbase.main.Main.main(Main.java:91)
